\BOOKMARK [0][-]{chapter*.2}{\376\377\000A\000b\000s\000t\000r\000a\000c\000t}{}% 1
\BOOKMARK [0][-]{chapter*.2}{\376\377\000I\000n\000h\000a\000l\000t\000s\000v\000e\000r\000z\000e\000i\000c\000h\000n\000i\000s}{}% 2
\BOOKMARK [0][-]{chapter*.3}{\376\377\000E\000h\000r\000e\000n\000w\000\366\000r\000t\000l\000i\000c\000h\000e\000\040\000E\000r\000k\000l\000\344\000r\000u\000n\000g}{}% 3
\BOOKMARK [0][-]{chapter*.4}{\376\377\000A\000b\000b\000i\000l\000d\000u\000n\000g\000s\000v\000e\000r\000z\000e\000i\000c\000h\000n\000i\000s}{}% 4
\BOOKMARK [0][-]{chapter*.5}{\376\377\000T\000a\000b\000e\000l\000l\000e\000n\000v\000e\000r\000z\000e\000i\000c\000h\000n\000i\000s}{}% 5
\BOOKMARK [0][-]{chapter*.6}{\376\377\000A\000b\000k\000\374\000r\000z\000u\000n\000g\000s\000v\000e\000r\000z\000e\000i\000c\000h\000n\000i\000s}{}% 6
\BOOKMARK [0][-]{chapter.1}{\376\377\000E\000i\000n\000l\000e\000i\000t\000u\000n\000g}{}% 7
\BOOKMARK [0][-]{chapter.2}{\376\377\000G\000r\000u\000n\000d\000l\000a\000g\000e\000n}{}% 8
\BOOKMARK [1][-]{section.2.1}{\376\377\000I\000n\000s\000t\000a\000g\000r\000a\000m}{chapter.2}% 9
\BOOKMARK [1][-]{section.2.2}{\376\377\000T\000i\000k\000T\000o\000k}{chapter.2}% 10
\BOOKMARK [1][-]{section.2.3}{\376\377\000A\000l\000g\000o\000r\000i\000t\000h\000m\000u\000s}{chapter.2}% 11
\BOOKMARK [2][-]{subsection.2.3.1}{\376\377\000I\000n\000s\000t\000a\000g\000r\000a\000m}{section.2.3}% 12
\BOOKMARK [2][-]{subsection.2.3.2}{\376\377\000T\000i\000k\000T\000o\000k}{section.2.3}% 13
\BOOKMARK [1][-]{section.2.4}{\376\377\000D\000a\000t\000e\000n\000s\000c\000h\000u\000t\000z\000p\000r\000o\000b\000l\000e\000m\000e\000\040\000b\000e\000i\000\040\000I\000n\000s\000t\000a\000g\000r\000a\000m\000\040\000u\000n\000d\000\040\000T\000i\000k\000T\000o\000k}{chapter.2}% 14
\BOOKMARK [2][-]{subsection.2.4.1}{\376\377\000I\000n\000s\000t\000a\000g\000r\000a\000m}{section.2.4}% 15
\BOOKMARK [2][-]{subsection.2.4.2}{\376\377\000T\000i\000k\000T\000o\000k}{section.2.4}% 16
\BOOKMARK [1][-]{section.2.5}{\376\377\000E\000i\000n\000f\000l\000u\000s\000s\000\040\000v\000o\000n\000\040\000S\000o\000c\000i\000a\000l\000\040\000M\000e\000d\000i\000a\000\040\000a\000u\000f\000\040\000M\000e\000i\000n\000u\000n\000g\000e\000n}{chapter.2}% 17
\BOOKMARK [1][-]{section.2.6}{\376\377\000F\000a\000k\000e\000-\000A\000c\000c\000o\000u\000n\000t\000s\000\040\000u\000n\000d\000\040\000B\000o\000t\000s}{chapter.2}% 18
\BOOKMARK [1][-]{section.2.7}{\376\377\000D\000a\000t\000e\000n\000e\000r\000h\000e\000b\000u\000n\000g\000\040\000v\000o\000n\000\040\000M\000e\000t\000a\000\040\000u\000n\000d\000\040\000T\000i\000k\000T\000o\000k}{chapter.2}% 19
\BOOKMARK [2][-]{subsection.2.7.1}{\376\377\000K\000o\000n\000k\000r\000e\000t\000i\000s\000i\000e\000r\000u\000n\000g\000\040\000d\000e\000r\000\040\000g\000e\000s\000a\000m\000m\000e\000l\000t\000e\000n\000\040\000D\000a\000t\000e\000n}{section.2.7}% 20
\BOOKMARK [2][-]{subsection.2.7.2}{\376\377\000V\000e\000r\000g\000l\000e\000i\000c\000h\000\040\000d\000e\000r\000\040\000D\000a\000t\000e\000n\000s\000a\000m\000m\000l\000u\000n\000g\000s\000m\000e\000t\000h\000o\000d\000e\000n\000\040\000v\000o\000n\000\040\000M\000e\000t\000a\000\040\000u\000n\000d\000\040\000T\000i\000k\000T\000o\000k}{section.2.7}% 21
\BOOKMARK [0][-]{chapter.3}{\376\377\000A\000n\000a\000l\000y\000s\000e\000\040\000d\000e\000r\000\040\000b\000e\000s\000t\000e\000h\000e\000n\000d\000e\000n\000\040\000M\000a\000\337\000n\000a\000h\000m\000e\000n\000\040\000g\000e\000g\000e\000n\000\040\000F\000a\000k\000e\000-\000A\000c\000c\000o\000u\000n\000t\000s}{}% 22
\BOOKMARK [1][-]{section.3.1}{\376\377\000M\000a\000\337\000n\000a\000h\000m\000e\000n\000\040\000v\000o\000n\000\040\000I\000n\000s\000t\000a\000g\000r\000a\000m\000\040\000u\000n\000d\000\040\000T\000i\000k\000T\000o\000k}{chapter.3}% 23
\BOOKMARK [2][-]{subsection.3.1.1}{\376\377\000I\000n\000s\000t\000a\000g\000r\000a\000m}{section.3.1}% 24
\BOOKMARK [2][-]{subsection.3.1.2}{\376\377\000Z\000a\000h\000l\000e\000n\000\040\000z\000u\000\040\000I\000n\000s\000t\000a\000g\000r\000a\000m}{section.3.1}% 25
\BOOKMARK [2][-]{subsection.3.1.3}{\376\377\000T\000i\000k\000T\000o\000k}{section.3.1}% 26
\BOOKMARK [2][-]{subsection.3.1.4}{\376\377\000Z\000a\000h\000l\000e\000n\000\040\000z\000u\000\040\000T\000i\000k\000T\000o\000k}{section.3.1}% 27
\BOOKMARK [1][-]{section.3.2}{\376\377\000W\000e\000i\000t\000e\000r\000e\000s\000\040\000V\000o\000r\000g\000e\000h\000e\000n}{chapter.3}% 28
\BOOKMARK [1][-]{section.3.3}{\376\377\000V\000e\000r\000s\000c\000h\000i\000e\000d\000e\000n\000e\000\040\000A\000l\000g\000o\000r\000i\000t\000h\000m\000e\000n\000\040\000z\000u\000r\000\040\000E\000r\000k\000e\000n\000n\000u\000n\000g\000\040\000v\000o\000n\000\040\000F\000a\000k\000e\000-\000A\000c\000c\000o\000u\000n\000t\000s}{chapter.3}% 29
\BOOKMARK [2][-]{subsection.3.3.1}{\376\377\000M\000e\000t\000h\000o\000d\000e\000\040\0001}{section.3.3}% 30
\BOOKMARK [1][-]{section.3.4}{\376\377\000M\000e\000t\000h\000o\000d\000e\000\040\0002}{chapter.3}% 31
\BOOKMARK [2][-]{subsection.3.4.1}{\376\377\000V\000e\000r\000g\000l\000e\000i\000c\000h\000\040\000d\000e\000r\000\040\000M\000e\000t\000h\000o\000d\000e\000n}{section.3.4}% 32
\BOOKMARK [1][-]{section.3.5}{\376\377\000W\000e\000i\000t\000e\000r\000e\000\040\000M\000e\000t\000h\000o\000d\000e\000n\000\040\000z\000u\000r\000\040\000E\000r\000k\000e\000n\000n\000u\000n\000g\000\040\000v\000o\000n\000\040\000F\000a\000k\000e\000-\000A\000c\000c\000o\000u\000n\000t\000s}{chapter.3}% 33
\BOOKMARK [2][-]{subsection.3.5.1}{\376\377\000E\000i\000n\000s\000a\000t\000z\000\040\000v\000o\000n\000\040\000K\000\374\000n\000s\000t\000l\000i\000c\000h\000e\000r\000\040\000I\000n\000t\000e\000l\000l\000i\000g\000e\000n\000z\000\040\000\050\000K\000I\000\051\000\040\000z\000u\000r\000\040\000D\000e\000e\000p\000f\000a\000k\000e\000-\000E\000r\000k\000e\000n\000n\000u\000n\000g}{section.3.5}% 34
\BOOKMARK [2][-]{subsection.3.5.2}{\376\377\0002\000.\000\040\000V\000e\000r\000h\000a\000l\000t\000e\000n\000s\000b\000a\000s\000i\000e\000r\000t\000e\000\040\000A\000n\000a\000l\000y\000s\000e\000\040\000d\000u\000r\000c\000h\000\040\000M\000a\000c\000h\000i\000n\000e\000\040\000L\000e\000a\000r\000n\000i\000n\000g}{section.3.5}% 35
\BOOKMARK [2][-]{subsection.3.5.3}{\376\377\000N\000e\000t\000z\000w\000e\000r\000k\000b\000a\000s\000i\000e\000r\000t\000e\000\040\000A\000n\000a\000l\000y\000s\000e}{section.3.5}% 36
\BOOKMARK [2][-]{subsection.3.5.4}{\376\377\000N\000u\000t\000z\000u\000n\000g\000\040\000v\000o\000n\000\040\000B\000u\000t\000t\000e\000r\000f\000l\000y\000\040\000A\000I\000\040\000f\000\374\000r\000\040\000d\000i\000e\000\040\000M\000u\000s\000t\000e\000r\000e\000r\000k\000e\000n\000n\000u\000n\000g}{section.3.5}% 37
\BOOKMARK [1][-]{section.3.6}{\376\377\000A\000n\000a\000l\000y\000s\000e\000\040\000d\000e\000r\000\040\000K\000r\000i\000t\000e\000r\000i\000e\000n}{chapter.3}% 38
\BOOKMARK [2][-]{subsection.3.6.1}{\376\377\000K\000r\000i\000t\000e\000r\000i\000e\000n\000\040\000a\000u\000s\000\040\000b\000e\000h\000a\000n\000d\000e\000l\000t\000e\000n\000\040\000M\000e\000t\000h\000o\000d\000e\000n}{section.3.6}% 39
\BOOKMARK [2][-]{subsection.3.6.2}{\376\377\000z\000u\000s\000\344\000t\000z\000l\000i\000c\000h\000\040\000e\000r\000a\000r\000b\000e\000i\000t\000e\000t\000e\000\040\000K\000r\000i\000t\000e\000r\000i\000e\000n}{section.3.6}% 40
\BOOKMARK [0][-]{chapter.4}{\376\377\000K\000r\000i\000t\000i\000s\000c\000h\000e\000\040\000R\000e\000f\000l\000e\000x\000i\000o\000n\000\040\000u\000n\000d\000\040\000A\000u\000s\000b\000l\000i\000c\000k}{}% 41
\BOOKMARK [0][-]{chapter.4}{\376\377\000L\000i\000t\000e\000r\000a\000t\000u\000r\000v\000e\000r\000z\000e\000i\000c\000h\000n\000i\000s}{}% 42
